<?xml version="1.0" encoding="UTF-8"?>
<testsuite xmlns:xsi="http://www.w3.org/2001/XMLSchema-instance" xsi:noNamespaceSchemaLocation="https://maven.apache.org/surefire/maven-surefire-plugin/xsd/surefire-test-report-3.0.xsd" version="3.0" name="TestSuite" time="53.136" tests="2" errors="0" skipped="0" failures="1">
  <properties>
    <property name="sun.desktop" value="windows"/>
    <property name="awt.toolkit" value="sun.awt.windows.WToolkit"/>
    <property name="java.specification.version" value="11"/>
    <property name="sun.cpu.isalist" value="amd64"/>
    <property name="sun.jnu.encoding" value="Cp1252"/>
    <property name="java.class.path" value="C:\Users\SEBASTIANDAVIDCARABA\Documents\greensqa\gsqa-prueba\latam-automation\target\test-classes;C:\Users\SEBASTIANDAVIDCARABA\Documents\greensqa\gsqa-prueba\latam-automation\target\classes;C:\Users\SEBASTIANDAVIDCARABA\.m2\repository\org\testng\testng\7.7.1\testng-7.7.1.jar;C:\Users\SEBASTIANDAVIDCARABA\.m2\repository\org\slf4j\slf4j-api\1.7.36\slf4j-api-1.7.36.jar;C:\Users\SEBASTIANDAVIDCARABA\.m2\repository\com\beust\jcommander\1.82\jcommander-1.82.jar;C:\Users\SEBASTIANDAVIDCARABA\.m2\repository\org\webjars\jquery\3.6.1\jquery-3.6.1.jar;C:\Users\SEBASTIANDAVIDCARABA\.m2\repository\com\microsoft\playwright\playwright\1.40.0\playwright-1.40.0.jar;C:\Users\SEBASTIANDAVIDCARABA\.m2\repository\com\google\code\gson\gson\2.8.9\gson-2.8.9.jar;C:\Users\SEBASTIANDAVIDCARABA\.m2\repository\org\opentest4j\opentest4j\1.2.0\opentest4j-1.2.0.jar;C:\Users\SEBASTIANDAVIDCARABA\.m2\repository\com\microsoft\playwright\driver\1.40.0\driver-1.40.0.jar;C:\Users\SEBASTIANDAVIDCARABA\.m2\repository\com\microsoft\playwright\driver-bundle\1.40.0\driver-bundle-1.40.0.jar;C:\Users\SEBASTIANDAVIDCARABA\.m2\repository\io\github\bonigarcia\webdrivermanager\5.6.3\webdrivermanager-5.6.3.jar;C:\Users\SEBASTIANDAVIDCARABA\.m2\repository\com\github\docker-java\docker-java\3.3.4\docker-java-3.3.4.jar;C:\Users\SEBASTIANDAVIDCARABA\.m2\repository\com\github\docker-java\docker-java-core\3.3.4\docker-java-core-3.3.4.jar;C:\Users\SEBASTIANDAVIDCARABA\.m2\repository\com\github\docker-java\docker-java-api\3.3.4\docker-java-api-3.3.4.jar;C:\Users\SEBASTIANDAVIDCARABA\.m2\repository\com\fasterxml\jackson\core\jackson-annotations\2.10.3\jackson-annotations-2.10.3.jar;C:\Users\SEBASTIANDAVIDCARABA\.m2\repository\commons-io\commons-io\2.13.0\commons-io-2.13.0.jar;C:\Users\SEBASTIANDAVIDCARABA\.m2\repository\com\fasterxml\jackson\core\jackson-databind\2.10.3\jackson-databind-2.10.3.jar;C:\Users\SEBASTIANDAVIDCARABA\.m2\repository\com\fasterxml\jackson\core\jackson-core\2.10.3\jackson-core-2.10.3.jar;C:\Users\SEBASTIANDAVIDCARABA\.m2\repository\com\google\guava\guava\19.0\guava-19.0.jar;C:\Users\SEBASTIANDAVIDCARABA\.m2\repository\org\bouncycastle\bcpkix-jdk18on\1.76\bcpkix-jdk18on-1.76.jar;C:\Users\SEBASTIANDAVIDCARABA\.m2\repository\org\bouncycastle\bcprov-jdk18on\1.76\bcprov-jdk18on-1.76.jar;C:\Users\SEBASTIANDAVIDCARABA\.m2\repository\org\bouncycastle\bcutil-jdk18on\1.76\bcutil-jdk18on-1.76.jar;C:\Users\SEBASTIANDAVIDCARABA\.m2\repository\org\slf4j\jcl-over-slf4j\1.7.30\jcl-over-slf4j-1.7.30.jar;C:\Users\SEBASTIANDAVIDCARABA\.m2\repository\com\github\docker-java\docker-java-transport-httpclient5\3.3.4\docker-java-transport-httpclient5-3.3.4.jar;C:\Users\SEBASTIANDAVIDCARABA\.m2\repository\com\github\docker-java\docker-java-transport\3.3.4\docker-java-transport-3.3.4.jar;C:\Users\SEBASTIANDAVIDCARABA\.m2\repository\net\java\dev\jna\jna\5.13.0\jna-5.13.0.jar;C:\Users\SEBASTIANDAVIDCARABA\.m2\repository\org\brotli\dec\0.1.2\dec-0.1.2.jar;C:\Users\SEBASTIANDAVIDCARABA\.m2\repository\org\apache\commons\commons-lang3\3.14.0\commons-lang3-3.14.0.jar;C:\Users\SEBASTIANDAVIDCARABA\.m2\repository\org\apache\commons\commons-compress\1.25.0\commons-compress-1.25.0.jar;C:\Users\SEBASTIANDAVIDCARABA\.m2\repository\org\apache\httpcomponents\client5\httpclient5\5.2.1\httpclient5-5.2.1.jar;C:\Users\SEBASTIANDAVIDCARABA\.m2\repository\org\apache\httpcomponents\core5\httpcore5\5.2\httpcore5-5.2.jar;C:\Users\SEBASTIANDAVIDCARABA\.m2\repository\org\apache\httpcomponents\core5\httpcore5-h2\5.2\httpcore5-h2-5.2.jar;"/>
    <property name="java.vm.vendor" value="Oracle Corporation"/>
    <property name="sun.arch.data.model" value="64"/>
    <property name="user.variant" value=""/>
    <property name="java.vendor.url" value="https://openjdk.java.net/"/>
    <property name="user.timezone" value="America/Bogota"/>
    <property name="java.vm.specification.version" value="11"/>
    <property name="os.name" value="Windows 11"/>
    <property name="sun.java.launcher" value="SUN_STANDARD"/>
    <property name="user.country" value="CO"/>
    <property name="sun.boot.library.path" value="C:\Program Files\Java\jdk-11\bin"/>
    <property name="sun.java.command" value="C:\Users\SEBASTIANDAVIDCARABA\AppData\Local\Temp\surefire14923530819715280268\surefirebooter-20250404005954867_3.jar C:\Users\SEBASTIANDAVIDCARABA\AppData\Local\Temp\surefire14923530819715280268 2025-04-04T00-59-54_626-jvmRun1 surefire-20250404005954867_1tmp surefire_0-20250404005954867_2tmp"/>
    <property name="jdk.debug" value="release"/>
    <property name="surefire.test.class.path" value="C:\Users\SEBASTIANDAVIDCARABA\Documents\greensqa\gsqa-prueba\latam-automation\target\test-classes;C:\Users\SEBASTIANDAVIDCARABA\Documents\greensqa\gsqa-prueba\latam-automation\target\classes;C:\Users\SEBASTIANDAVIDCARABA\.m2\repository\org\testng\testng\7.7.1\testng-7.7.1.jar;C:\Users\SEBASTIANDAVIDCARABA\.m2\repository\org\slf4j\slf4j-api\1.7.36\slf4j-api-1.7.36.jar;C:\Users\SEBASTIANDAVIDCARABA\.m2\repository\com\beust\jcommander\1.82\jcommander-1.82.jar;C:\Users\SEBASTIANDAVIDCARABA\.m2\repository\org\webjars\jquery\3.6.1\jquery-3.6.1.jar;C:\Users\SEBASTIANDAVIDCARABA\.m2\repository\com\microsoft\playwright\playwright\1.40.0\playwright-1.40.0.jar;C:\Users\SEBASTIANDAVIDCARABA\.m2\repository\com\google\code\gson\gson\2.8.9\gson-2.8.9.jar;C:\Users\SEBASTIANDAVIDCARABA\.m2\repository\org\opentest4j\opentest4j\1.2.0\opentest4j-1.2.0.jar;C:\Users\SEBASTIANDAVIDCARABA\.m2\repository\com\microsoft\playwright\driver\1.40.0\driver-1.40.0.jar;C:\Users\SEBASTIANDAVIDCARABA\.m2\repository\com\microsoft\playwright\driver-bundle\1.40.0\driver-bundle-1.40.0.jar;C:\Users\SEBASTIANDAVIDCARABA\.m2\repository\io\github\bonigarcia\webdrivermanager\5.6.3\webdrivermanager-5.6.3.jar;C:\Users\SEBASTIANDAVIDCARABA\.m2\repository\com\github\docker-java\docker-java\3.3.4\docker-java-3.3.4.jar;C:\Users\SEBASTIANDAVIDCARABA\.m2\repository\com\github\docker-java\docker-java-core\3.3.4\docker-java-core-3.3.4.jar;C:\Users\SEBASTIANDAVIDCARABA\.m2\repository\com\github\docker-java\docker-java-api\3.3.4\docker-java-api-3.3.4.jar;C:\Users\SEBASTIANDAVIDCARABA\.m2\repository\com\fasterxml\jackson\core\jackson-annotations\2.10.3\jackson-annotations-2.10.3.jar;C:\Users\SEBASTIANDAVIDCARABA\.m2\repository\commons-io\commons-io\2.13.0\commons-io-2.13.0.jar;C:\Users\SEBASTIANDAVIDCARABA\.m2\repository\com\fasterxml\jackson\core\jackson-databind\2.10.3\jackson-databind-2.10.3.jar;C:\Users\SEBASTIANDAVIDCARABA\.m2\repository\com\fasterxml\jackson\core\jackson-core\2.10.3\jackson-core-2.10.3.jar;C:\Users\SEBASTIANDAVIDCARABA\.m2\repository\com\google\guava\guava\19.0\guava-19.0.jar;C:\Users\SEBASTIANDAVIDCARABA\.m2\repository\org\bouncycastle\bcpkix-jdk18on\1.76\bcpkix-jdk18on-1.76.jar;C:\Users\SEBASTIANDAVIDCARABA\.m2\repository\org\bouncycastle\bcprov-jdk18on\1.76\bcprov-jdk18on-1.76.jar;C:\Users\SEBASTIANDAVIDCARABA\.m2\repository\org\bouncycastle\bcutil-jdk18on\1.76\bcutil-jdk18on-1.76.jar;C:\Users\SEBASTIANDAVIDCARABA\.m2\repository\org\slf4j\jcl-over-slf4j\1.7.30\jcl-over-slf4j-1.7.30.jar;C:\Users\SEBASTIANDAVIDCARABA\.m2\repository\com\github\docker-java\docker-java-transport-httpclient5\3.3.4\docker-java-transport-httpclient5-3.3.4.jar;C:\Users\SEBASTIANDAVIDCARABA\.m2\repository\com\github\docker-java\docker-java-transport\3.3.4\docker-java-transport-3.3.4.jar;C:\Users\SEBASTIANDAVIDCARABA\.m2\repository\net\java\dev\jna\jna\5.13.0\jna-5.13.0.jar;C:\Users\SEBASTIANDAVIDCARABA\.m2\repository\org\brotli\dec\0.1.2\dec-0.1.2.jar;C:\Users\SEBASTIANDAVIDCARABA\.m2\repository\org\apache\commons\commons-lang3\3.14.0\commons-lang3-3.14.0.jar;C:\Users\SEBASTIANDAVIDCARABA\.m2\repository\org\apache\commons\commons-compress\1.25.0\commons-compress-1.25.0.jar;C:\Users\SEBASTIANDAVIDCARABA\.m2\repository\org\apache\httpcomponents\client5\httpclient5\5.2.1\httpclient5-5.2.1.jar;C:\Users\SEBASTIANDAVIDCARABA\.m2\repository\org\apache\httpcomponents\core5\httpcore5\5.2\httpcore5-5.2.jar;C:\Users\SEBASTIANDAVIDCARABA\.m2\repository\org\apache\httpcomponents\core5\httpcore5-h2\5.2\httpcore5-h2-5.2.jar;"/>
    <property name="sun.cpu.endian" value="little"/>
    <property name="user.home" value="C:\Users\SEBASTIANDAVIDCARABA"/>
    <property name="user.language" value="es"/>
    <property name="java.specification.vendor" value="Oracle Corporation"/>
    <property name="java.version.date" value="2024-10-15"/>
    <property name="java.home" value="C:\Program Files\Java\jdk-11"/>
    <property name="file.separator" value="\"/>
    <property name="basedir" value="C:\Users\SEBASTIANDAVIDCARABA\Documents\greensqa\gsqa-prueba\latam-automation"/>
    <property name="java.vm.compressedOopsMode" value="Zero based"/>
    <property name="line.separator" value="&#10;"/>
    <property name="java.specification.name" value="Java Platform API Specification"/>
    <property name="java.vm.specification.vendor" value="Oracle Corporation"/>
    <property name="java.awt.graphicsenv" value="sun.awt.Win32GraphicsEnvironment"/>
    <property name="surefire.real.class.path" value="C:\Users\SEBASTIANDAVIDCARABA\AppData\Local\Temp\surefire14923530819715280268\surefirebooter-20250404005954867_3.jar"/>
    <property name="user.script" value=""/>
    <property name="sun.management.compiler" value="HotSpot 64-Bit Tiered Compilers"/>
    <property name="java.runtime.version" value="11.0.25+9-LTS-256"/>
    <property name="user.name" value="SEBASTIANDAVIDCARABA"/>
    <property name="path.separator" value=";"/>
    <property name="os.version" value="10.0"/>
    <property name="java.runtime.name" value="Java(TM) SE Runtime Environment"/>
    <property name="file.encoding" value="Cp1252"/>
    <property name="java.vm.name" value="Java HotSpot(TM) 64-Bit Server VM"/>
    <property name="java.vendor.version" value="18.9"/>
    <property name="localRepository" value="C:\Users\SEBASTIANDAVIDCARABA\.m2\repository"/>
    <property name="java.vendor.url.bug" value="https://bugreport.java.com/bugreport/"/>
    <property name="java.io.tmpdir" value="C:\Users\SEBAST~1\AppData\Local\Temp\"/>
    <property name="java.version" value="11.0.25"/>
    <property name="user.dir" value="C:\Users\SEBASTIANDAVIDCARABA\Documents\greensqa\gsqa-prueba\latam-automation"/>
    <property name="os.arch" value="amd64"/>
    <property name="java.vm.specification.name" value="Java Virtual Machine Specification"/>
    <property name="java.awt.printerjob" value="sun.awt.windows.WPrinterJob"/>
    <property name="sun.os.patch.level" value=""/>
    <property name="java.library.path" value="C:\Program Files\Java\jdk-11\bin;C:\WINDOWS\Sun\Java\bin;C:\WINDOWS\system32;C:\WINDOWS;C:\Program Files\Common Files\Oracle\Java\javapath;C:\Program Files\NVIDIA GPU Computing Toolkit\CUDA\v12.8\bin;C:\Program Files\NVIDIA GPU Computing Toolkit\CUDA\v12.8\libnvvp;C:\WINDOWS\system32;C:\WINDOWS;C:\WINDOWS\System32\Wbem;C:\WINDOWS\System32\WindowsPowerShell\v1.0\;C:\WINDOWS\System32\OpenSSH\;C:\Program Files\Git\cmd;C:\Program Files\NVIDIA Corporation\Nsight Compute 2025.1.1\;C:\Program Files\NVIDIA Corporation\NVIDIA app\NvDLISR;C:\Program Files (x86)\NVIDIA Corporation\PhysX\Common;C:\Users\SEBASTIANDAVIDCARABA\AppData\Local\Programs\Python\Python38\Scripts\;C:\Users\SEBASTIANDAVIDCARABA\AppData\Local\Programs\Python\Python38\;C:\Users\SEBASTIANDAVIDCARABA\AppData\Local\Microsoft\WindowsApps;C:\Users\SEBASTIANDAVIDCARABA\AppData\Local\Programs\Microsoft VS Code\bin;C:\Users\SEBASTIANDAVIDCARABA\AppData\Local\Programs\Ollama;&quot;C:\Users\SEBASTIANDAVIDCARABA\bins\apache-maven-3.9.9-bin\apache-maven-3.9.9&quot;\bin;;c:\Users\SEBASTIANDAVIDCARABA\AppData\Roaming\Code\User\globalStorage\github.copilot-chat\debugCommand;."/>
    <property name="java.vendor" value="Oracle Corporation"/>
    <property name="java.vm.info" value="mixed mode"/>
    <property name="java.vm.version" value="11.0.25+9-LTS-256"/>
    <property name="java.specification.maintenance.version" value="3"/>
    <property name="sun.io.unicode.encoding" value="UnicodeLittle"/>
    <property name="java.class.version" value="55.0"/>
  </properties>
  <testcase name="verifyEmptyDestinationErrorMessage" classname="com.zebsoft.gsqa.AlojamientoSearchValidationTest" time="39.065">
    <failure message="Error {&#10;  message=&apos;Timeout 30000ms exceeded.&#10;  name=&apos;TimeoutError&#10;  stack=&apos;TimeoutError: Timeout 30000ms exceeded.&#10;    at ProgressController.run (C:\Users\SEBAST~1\AppData\Local\Temp\playwright-java-9092902151560756169\package\lib\server\progress.js:87:26)&#10;    at Frame.click (C:\Users\SEBAST~1\AppData\Local\Temp\playwright-java-9092902151560756169\package\lib\server\frames.js:995:23)&#10;    at FrameDispatcher.click (C:\Users\SEBAST~1\AppData\Local\Temp\playwright-java-9092902151560756169\package\lib\server\dispatchers\frameDispatcher.js:152:30)&#10;    at FrameDispatcher._handleCommand (C:\Users\SEBAST~1\AppData\Local\Temp\playwright-java-9092902151560756169\package\lib\server\dispatchers\dispatcher.js:84:40)&#10;    at DispatcherConnection.dispatch (C:\Users\SEBAST~1\AppData\Local\Temp\playwright-java-9092902151560756169\package\lib\server\dispatchers\dispatcher.js:351:39)&#10;}&#10;Call log:&#10;- waiting for locator(&quot;button:has-text(&apos;Buscar alojamientos&apos;)&quot;)&#10;" type="com.microsoft.playwright.TimeoutError"><![CDATA[com.microsoft.playwright.TimeoutError: 
Error {
  message='Timeout 30000ms exceeded.
  name='TimeoutError
  stack='TimeoutError: Timeout 30000ms exceeded.
    at ProgressController.run (C:\Users\SEBAST~1\AppData\Local\Temp\playwright-java-9092902151560756169\package\lib\server\progress.js:87:26)
    at Frame.click (C:\Users\SEBAST~1\AppData\Local\Temp\playwright-java-9092902151560756169\package\lib\server\frames.js:995:23)
    at FrameDispatcher.click (C:\Users\SEBAST~1\AppData\Local\Temp\playwright-java-9092902151560756169\package\lib\server\dispatchers\frameDispatcher.js:152:30)
    at FrameDispatcher._handleCommand (C:\Users\SEBAST~1\AppData\Local\Temp\playwright-java-9092902151560756169\package\lib\server\dispatchers\dispatcher.js:84:40)
    at DispatcherConnection.dispatch (C:\Users\SEBAST~1\AppData\Local\Temp\playwright-java-9092902151560756169\package\lib\server\dispatchers\dispatcher.js:351:39)
}
Call log:
- waiting for locator("button:has-text('Buscar alojamientos')")

	at com.microsoft.playwright.impl.WaitableResult.get(WaitableResult.java:52)
	at com.microsoft.playwright.impl.ChannelOwner.runUntil(ChannelOwner.java:120)
	at com.microsoft.playwright.impl.Connection.sendMessage(Connection.java:129)
	at com.microsoft.playwright.impl.ChannelOwner.sendMessage(ChannelOwner.java:106)
	at com.microsoft.playwright.impl.FrameImpl.clickImpl(FrameImpl.java:252)
	at com.microsoft.playwright.impl.FrameImpl.lambda$click$8(FrameImpl.java:243)
	at com.microsoft.playwright.impl.LoggingSupport.lambda$withLogging$0(LoggingSupport.java:36)
	at com.microsoft.playwright.impl.LoggingSupport.withLogging(LoggingSupport.java:47)
	at com.microsoft.playwright.impl.ChannelOwner.withLogging(ChannelOwner.java:89)
	at com.microsoft.playwright.impl.LoggingSupport.withLogging(LoggingSupport.java:35)
	at com.microsoft.playwright.impl.FrameImpl.click(FrameImpl.java:243)
	at com.microsoft.playwright.impl.LocatorImpl.click(LocatorImpl.java:140)
	at com.microsoft.playwright.Locator.click(Locator.java:2348)
	at com.zebsoft.gsqa.pages.BasePage.click(BasePage.java:21)
	at com.zebsoft.gsqa.pages.HomePage.clickSearchButton(HomePage.java:25)
	at com.zebsoft.gsqa.AlojamientoSearchValidationTest.verifyEmptyDestinationErrorMessage(AlojamientoSearchValidationTest.java:25)
	at java.base/jdk.internal.reflect.NativeMethodAccessorImpl.invoke0(Native Method)
	at java.base/jdk.internal.reflect.NativeMethodAccessorImpl.invoke(NativeMethodAccessorImpl.java:62)
	at java.base/jdk.internal.reflect.DelegatingMethodAccessorImpl.invoke(DelegatingMethodAccessorImpl.java:43)
	at java.base/java.lang.reflect.Method.invoke(Method.java:566)
	at org.testng.internal.invokers.MethodInvocationHelper.invokeMethod(MethodInvocationHelper.java:139)
	at org.testng.internal.invokers.TestInvoker.invokeMethod(TestInvoker.java:677)
	at org.testng.internal.invokers.TestInvoker.invokeTestMethod(TestInvoker.java:221)
	at org.testng.internal.invokers.MethodRunner.runInSequence(MethodRunner.java:50)
	at org.testng.internal.invokers.TestInvoker$MethodInvocationAgent.invoke(TestInvoker.java:969)
	at org.testng.internal.invokers.TestInvoker.invokeTestMethods(TestInvoker.java:194)
	at org.testng.internal.invokers.TestMethodWorker.invokeTestMethods(TestMethodWorker.java:148)
	at org.testng.internal.invokers.TestMethodWorker.run(TestMethodWorker.java:128)
	at java.base/java.util.ArrayList.forEach(ArrayList.java:1541)
	at org.testng.TestRunner.privateRun(TestRunner.java:829)
	at org.testng.TestRunner.run(TestRunner.java:602)
	at org.testng.SuiteRunner.runTest(SuiteRunner.java:437)
	at org.testng.SuiteRunner.runSequentially(SuiteRunner.java:431)
	at org.testng.SuiteRunner.privateRun(SuiteRunner.java:391)
	at org.testng.SuiteRunner.run(SuiteRunner.java:330)
	at org.testng.SuiteRunnerWorker.runSuite(SuiteRunnerWorker.java:52)
	at org.testng.SuiteRunnerWorker.run(SuiteRunnerWorker.java:95)
	at org.testng.TestNG.runSuitesSequentially(TestNG.java:1256)
	at org.testng.TestNG.runSuitesLocally(TestNG.java:1176)
	at org.testng.TestNG.runSuites(TestNG.java:1099)
	at org.testng.TestNG.run(TestNG.java:1067)
	at org.apache.maven.surefire.testng.TestNGExecutor.run(TestNGExecutor.java:155)
	at org.apache.maven.surefire.testng.TestNGDirectoryTestSuite.executeMulti(TestNGDirectoryTestSuite.java:169)
	at org.apache.maven.surefire.testng.TestNGDirectoryTestSuite.execute(TestNGDirectoryTestSuite.java:88)
	at org.apache.maven.surefire.testng.TestNGProvider.invoke(TestNGProvider.java:137)
	at org.apache.maven.surefire.booter.ForkedBooter.runSuitesInProcess(ForkedBooter.java:385)
	at org.apache.maven.surefire.booter.ForkedBooter.execute(ForkedBooter.java:162)
	at org.apache.maven.surefire.booter.ForkedBooter.run(ForkedBooter.java:507)
	at org.apache.maven.surefire.booter.ForkedBooter.main(ForkedBooter.java:495)
Caused by: com.microsoft.playwright.TimeoutError: Error {
  message='Timeout 30000ms exceeded.
  name='TimeoutError
  stack='TimeoutError: Timeout 30000ms exceeded.
    at ProgressController.run (C:\Users\SEBAST~1\AppData\Local\Temp\playwright-java-9092902151560756169\package\lib\server\progress.js:87:26)
    at Frame.click (C:\Users\SEBAST~1\AppData\Local\Temp\playwright-java-9092902151560756169\package\lib\server\frames.js:995:23)
    at FrameDispatcher.click (C:\Users\SEBAST~1\AppData\Local\Temp\playwright-java-9092902151560756169\package\lib\server\dispatchers\frameDispatcher.js:152:30)
    at FrameDispatcher._handleCommand (C:\Users\SEBAST~1\AppData\Local\Temp\playwright-java-9092902151560756169\package\lib\server\dispatchers\dispatcher.js:84:40)
    at DispatcherConnection.dispatch (C:\Users\SEBAST~1\AppData\Local\Temp\playwright-java-9092902151560756169\package\lib\server\dispatchers\dispatcher.js:351:39)
}
Call log:
- waiting for locator("button:has-text('Buscar alojamientos')")

	at com.microsoft.playwright.impl.Connection.dispatch(Connection.java:252)
	at com.microsoft.playwright.impl.Connection.processOneMessage(Connection.java:209)
	at com.microsoft.playwright.impl.ChannelOwner.runUntil(ChannelOwner.java:118)
	... 47 more
]]></failure>
    <system-err><![CDATA[SLF4J: Failed to load class "org.slf4j.impl.StaticLoggerBinder".
SLF4J: Defaulting to no-operation (NOP) logger implementation
SLF4J: See http://www.slf4j.org/codes.html#StaticLoggerBinder for further details.
]]></system-err>
  </testcase>
  <testcase name="verifyHotelTabDisplay" classname="com.zebsoft.gsqa.AlojamientoTabTest" time="7.458"/>
</testsuite>