<?xml version="1.0" encoding="UTF-8"?>
<testsuite xmlns:xsi="http://www.w3.org/2001/XMLSchema-instance" xsi:noNamespaceSchemaLocation="https://maven.apache.org/surefire/maven-surefire-plugin/xsd/surefire-test-report-3.0.xsd" version="3.0" name="com.zebsoft.gsqa.AlojamientoSearchValidationTest" time="16.426" tests="1" errors="0" skipped="0" failures="0">
  <properties>
    <property name="sun.desktop" value="windows"/>
    <property name="awt.toolkit" value="sun.awt.windows.WToolkit"/>
    <property name="java.specification.version" value="11"/>
    <property name="sun.cpu.isalist" value="amd64"/>
    <property name="sun.jnu.encoding" value="Cp1252"/>
    <property name="java.class.path" value="C:\Users\SEBASTIANDAVIDCARABA\Documents\greensqa\gsqa-prueba\latam-automation\target\test-classes;C:\Users\SEBASTIANDAVIDCARABA\Documents\greensqa\gsqa-prueba\latam-automation\target\classes;C:\Users\SEBASTIANDAVIDCARABA\.m2\repository\org\testng\testng\7.7.1\testng-7.7.1.jar;C:\Users\SEBASTIANDAVIDCARABA\.m2\repository\org\slf4j\slf4j-api\1.7.36\slf4j-api-1.7.36.jar;C:\Users\SEBASTIANDAVIDCARABA\.m2\repository\com\beust\jcommander\1.82\jcommander-1.82.jar;C:\Users\SEBASTIANDAVIDCARABA\.m2\repository\org\webjars\jquery\3.6.1\jquery-3.6.1.jar;C:\Users\SEBASTIANDAVIDCARABA\.m2\repository\com\microsoft\playwright\playwright\1.40.0\playwright-1.40.0.jar;C:\Users\SEBASTIANDAVIDCARABA\.m2\repository\com\google\code\gson\gson\2.8.9\gson-2.8.9.jar;C:\Users\SEBASTIANDAVIDCARABA\.m2\repository\org\opentest4j\opentest4j\1.2.0\opentest4j-1.2.0.jar;C:\Users\SEBASTIANDAVIDCARABA\.m2\repository\com\microsoft\playwright\driver\1.40.0\driver-1.40.0.jar;C:\Users\SEBASTIANDAVIDCARABA\.m2\repository\com\microsoft\playwright\driver-bundle\1.40.0\driver-bundle-1.40.0.jar;C:\Users\SEBASTIANDAVIDCARABA\.m2\repository\io\github\bonigarcia\webdrivermanager\5.6.3\webdrivermanager-5.6.3.jar;C:\Users\SEBASTIANDAVIDCARABA\.m2\repository\com\github\docker-java\docker-java\3.3.4\docker-java-3.3.4.jar;C:\Users\SEBASTIANDAVIDCARABA\.m2\repository\com\github\docker-java\docker-java-core\3.3.4\docker-java-core-3.3.4.jar;C:\Users\SEBASTIANDAVIDCARABA\.m2\repository\com\github\docker-java\docker-java-api\3.3.4\docker-java-api-3.3.4.jar;C:\Users\SEBASTIANDAVIDCARABA\.m2\repository\com\fasterxml\jackson\core\jackson-annotations\2.10.3\jackson-annotations-2.10.3.jar;C:\Users\SEBASTIANDAVIDCARABA\.m2\repository\commons-io\commons-io\2.13.0\commons-io-2.13.0.jar;C:\Users\SEBASTIANDAVIDCARABA\.m2\repository\com\fasterxml\jackson\core\jackson-databind\2.10.3\jackson-databind-2.10.3.jar;C:\Users\SEBASTIANDAVIDCARABA\.m2\repository\com\fasterxml\jackson\core\jackson-core\2.10.3\jackson-core-2.10.3.jar;C:\Users\SEBASTIANDAVIDCARABA\.m2\repository\com\google\guava\guava\19.0\guava-19.0.jar;C:\Users\SEBASTIANDAVIDCARABA\.m2\repository\org\bouncycastle\bcpkix-jdk18on\1.76\bcpkix-jdk18on-1.76.jar;C:\Users\SEBASTIANDAVIDCARABA\.m2\repository\org\bouncycastle\bcprov-jdk18on\1.76\bcprov-jdk18on-1.76.jar;C:\Users\SEBASTIANDAVIDCARABA\.m2\repository\org\bouncycastle\bcutil-jdk18on\1.76\bcutil-jdk18on-1.76.jar;C:\Users\SEBASTIANDAVIDCARABA\.m2\repository\org\slf4j\jcl-over-slf4j\1.7.30\jcl-over-slf4j-1.7.30.jar;C:\Users\SEBASTIANDAVIDCARABA\.m2\repository\com\github\docker-java\docker-java-transport-httpclient5\3.3.4\docker-java-transport-httpclient5-3.3.4.jar;C:\Users\SEBASTIANDAVIDCARABA\.m2\repository\com\github\docker-java\docker-java-transport\3.3.4\docker-java-transport-3.3.4.jar;C:\Users\SEBASTIANDAVIDCARABA\.m2\repository\net\java\dev\jna\jna\5.13.0\jna-5.13.0.jar;C:\Users\SEBASTIANDAVIDCARABA\.m2\repository\org\brotli\dec\0.1.2\dec-0.1.2.jar;C:\Users\SEBASTIANDAVIDCARABA\.m2\repository\org\apache\commons\commons-lang3\3.14.0\commons-lang3-3.14.0.jar;C:\Users\SEBASTIANDAVIDCARABA\.m2\repository\org\apache\commons\commons-compress\1.25.0\commons-compress-1.25.0.jar;C:\Users\SEBASTIANDAVIDCARABA\.m2\repository\org\apache\httpcomponents\client5\httpclient5\5.2.1\httpclient5-5.2.1.jar;C:\Users\SEBASTIANDAVIDCARABA\.m2\repository\org\apache\httpcomponents\core5\httpcore5\5.2\httpcore5-5.2.jar;C:\Users\SEBASTIANDAVIDCARABA\.m2\repository\org\apache\httpcomponents\core5\httpcore5-h2\5.2\httpcore5-h2-5.2.jar;C:\Users\SEBASTIANDAVIDCARABA\.m2\repository\io\github\tmcreative1\playwright-remote\1.15\playwright-remote-1.15.jar;C:\Users\SEBASTIANDAVIDCARABA\.m2\repository\org\jetbrains\kotlin\kotlin-stdlib-jdk8\1.5.20-M1\kotlin-stdlib-jdk8-1.5.20-M1.jar;C:\Users\SEBASTIANDAVIDCARABA\.m2\repository\org\jetbrains\kotlin\kotlin-stdlib\1.5.20-M1\kotlin-stdlib-1.5.20-M1.jar;C:\Users\SEBASTIANDAVIDCARABA\.m2\repository\org\jetbrains\annotations\13.0\annotations-13.0.jar;C:\Users\SEBASTIANDAVIDCARABA\.m2\repository\org\jetbrains\kotlin\kotlin-stdlib-common\1.5.20-M1\kotlin-stdlib-common-1.5.20-M1.jar;C:\Users\SEBASTIANDAVIDCARABA\.m2\repository\org\jetbrains\kotlin\kotlin-stdlib-jdk7\1.5.20-M1\kotlin-stdlib-jdk7-1.5.20-M1.jar;C:\Users\SEBASTIANDAVIDCARABA\.m2\repository\com\squareup\okhttp3\okhttp\4.9.1\okhttp-4.9.1.jar;C:\Users\SEBASTIANDAVIDCARABA\.m2\repository\com\squareup\okio\okio\2.8.0\okio-2.8.0.jar;"/>
    <property name="java.vm.vendor" value="Oracle Corporation"/>
    <property name="sun.arch.data.model" value="64"/>
    <property name="user.variant" value=""/>
    <property name="java.vendor.url" value="https://openjdk.java.net/"/>
    <property name="user.timezone" value="America/Bogota"/>
    <property name="java.vm.specification.version" value="11"/>
    <property name="os.name" value="Windows 11"/>
    <property name="sun.java.launcher" value="SUN_STANDARD"/>
    <property name="user.country" value="CO"/>
    <property name="sun.boot.library.path" value="C:\Program Files\Java\jdk-11\bin"/>
    <property name="sun.java.command" value="C:\Users\SEBASTIANDAVIDCARABA\AppData\Local\Temp\surefire1343273236396776060\surefirebooter-20250404032449759_3.jar C:\Users\SEBASTIANDAVIDCARABA\AppData\Local\Temp\surefire1343273236396776060 2025-04-04T03-24-49_482-jvmRun1 surefire-20250404032449759_1tmp surefire_0-20250404032449759_2tmp"/>
    <property name="jdk.debug" value="release"/>
    <property name="test" value="AlojamientoSearchValidationTest"/>
    <property name="surefire.test.class.path" value="C:\Users\SEBASTIANDAVIDCARABA\Documents\greensqa\gsqa-prueba\latam-automation\target\test-classes;C:\Users\SEBASTIANDAVIDCARABA\Documents\greensqa\gsqa-prueba\latam-automation\target\classes;C:\Users\SEBASTIANDAVIDCARABA\.m2\repository\org\testng\testng\7.7.1\testng-7.7.1.jar;C:\Users\SEBASTIANDAVIDCARABA\.m2\repository\org\slf4j\slf4j-api\1.7.36\slf4j-api-1.7.36.jar;C:\Users\SEBASTIANDAVIDCARABA\.m2\repository\com\beust\jcommander\1.82\jcommander-1.82.jar;C:\Users\SEBASTIANDAVIDCARABA\.m2\repository\org\webjars\jquery\3.6.1\jquery-3.6.1.jar;C:\Users\SEBASTIANDAVIDCARABA\.m2\repository\com\microsoft\playwright\playwright\1.40.0\playwright-1.40.0.jar;C:\Users\SEBASTIANDAVIDCARABA\.m2\repository\com\google\code\gson\gson\2.8.9\gson-2.8.9.jar;C:\Users\SEBASTIANDAVIDCARABA\.m2\repository\org\opentest4j\opentest4j\1.2.0\opentest4j-1.2.0.jar;C:\Users\SEBASTIANDAVIDCARABA\.m2\repository\com\microsoft\playwright\driver\1.40.0\driver-1.40.0.jar;C:\Users\SEBASTIANDAVIDCARABA\.m2\repository\com\microsoft\playwright\driver-bundle\1.40.0\driver-bundle-1.40.0.jar;C:\Users\SEBASTIANDAVIDCARABA\.m2\repository\io\github\bonigarcia\webdrivermanager\5.6.3\webdrivermanager-5.6.3.jar;C:\Users\SEBASTIANDAVIDCARABA\.m2\repository\com\github\docker-java\docker-java\3.3.4\docker-java-3.3.4.jar;C:\Users\SEBASTIANDAVIDCARABA\.m2\repository\com\github\docker-java\docker-java-core\3.3.4\docker-java-core-3.3.4.jar;C:\Users\SEBASTIANDAVIDCARABA\.m2\repository\com\github\docker-java\docker-java-api\3.3.4\docker-java-api-3.3.4.jar;C:\Users\SEBASTIANDAVIDCARABA\.m2\repository\com\fasterxml\jackson\core\jackson-annotations\2.10.3\jackson-annotations-2.10.3.jar;C:\Users\SEBASTIANDAVIDCARABA\.m2\repository\commons-io\commons-io\2.13.0\commons-io-2.13.0.jar;C:\Users\SEBASTIANDAVIDCARABA\.m2\repository\com\fasterxml\jackson\core\jackson-databind\2.10.3\jackson-databind-2.10.3.jar;C:\Users\SEBASTIANDAVIDCARABA\.m2\repository\com\fasterxml\jackson\core\jackson-core\2.10.3\jackson-core-2.10.3.jar;C:\Users\SEBASTIANDAVIDCARABA\.m2\repository\com\google\guava\guava\19.0\guava-19.0.jar;C:\Users\SEBASTIANDAVIDCARABA\.m2\repository\org\bouncycastle\bcpkix-jdk18on\1.76\bcpkix-jdk18on-1.76.jar;C:\Users\SEBASTIANDAVIDCARABA\.m2\repository\org\bouncycastle\bcprov-jdk18on\1.76\bcprov-jdk18on-1.76.jar;C:\Users\SEBASTIANDAVIDCARABA\.m2\repository\org\bouncycastle\bcutil-jdk18on\1.76\bcutil-jdk18on-1.76.jar;C:\Users\SEBASTIANDAVIDCARABA\.m2\repository\org\slf4j\jcl-over-slf4j\1.7.30\jcl-over-slf4j-1.7.30.jar;C:\Users\SEBASTIANDAVIDCARABA\.m2\repository\com\github\docker-java\docker-java-transport-httpclient5\3.3.4\docker-java-transport-httpclient5-3.3.4.jar;C:\Users\SEBASTIANDAVIDCARABA\.m2\repository\com\github\docker-java\docker-java-transport\3.3.4\docker-java-transport-3.3.4.jar;C:\Users\SEBASTIANDAVIDCARABA\.m2\repository\net\java\dev\jna\jna\5.13.0\jna-5.13.0.jar;C:\Users\SEBASTIANDAVIDCARABA\.m2\repository\org\brotli\dec\0.1.2\dec-0.1.2.jar;C:\Users\SEBASTIANDAVIDCARABA\.m2\repository\org\apache\commons\commons-lang3\3.14.0\commons-lang3-3.14.0.jar;C:\Users\SEBASTIANDAVIDCARABA\.m2\repository\org\apache\commons\commons-compress\1.25.0\commons-compress-1.25.0.jar;C:\Users\SEBASTIANDAVIDCARABA\.m2\repository\org\apache\httpcomponents\client5\httpclient5\5.2.1\httpclient5-5.2.1.jar;C:\Users\SEBASTIANDAVIDCARABA\.m2\repository\org\apache\httpcomponents\core5\httpcore5\5.2\httpcore5-5.2.jar;C:\Users\SEBASTIANDAVIDCARABA\.m2\repository\org\apache\httpcomponents\core5\httpcore5-h2\5.2\httpcore5-h2-5.2.jar;C:\Users\SEBASTIANDAVIDCARABA\.m2\repository\io\github\tmcreative1\playwright-remote\1.15\playwright-remote-1.15.jar;C:\Users\SEBASTIANDAVIDCARABA\.m2\repository\org\jetbrains\kotlin\kotlin-stdlib-jdk8\1.5.20-M1\kotlin-stdlib-jdk8-1.5.20-M1.jar;C:\Users\SEBASTIANDAVIDCARABA\.m2\repository\org\jetbrains\kotlin\kotlin-stdlib\1.5.20-M1\kotlin-stdlib-1.5.20-M1.jar;C:\Users\SEBASTIANDAVIDCARABA\.m2\repository\org\jetbrains\annotations\13.0\annotations-13.0.jar;C:\Users\SEBASTIANDAVIDCARABA\.m2\repository\org\jetbrains\kotlin\kotlin-stdlib-common\1.5.20-M1\kotlin-stdlib-common-1.5.20-M1.jar;C:\Users\SEBASTIANDAVIDCARABA\.m2\repository\org\jetbrains\kotlin\kotlin-stdlib-jdk7\1.5.20-M1\kotlin-stdlib-jdk7-1.5.20-M1.jar;C:\Users\SEBASTIANDAVIDCARABA\.m2\repository\com\squareup\okhttp3\okhttp\4.9.1\okhttp-4.9.1.jar;C:\Users\SEBASTIANDAVIDCARABA\.m2\repository\com\squareup\okio\okio\2.8.0\okio-2.8.0.jar;"/>
    <property name="sun.cpu.endian" value="little"/>
    <property name="user.home" value="C:\Users\SEBASTIANDAVIDCARABA"/>
    <property name="user.language" value="es"/>
    <property name="java.specification.vendor" value="Oracle Corporation"/>
    <property name="java.version.date" value="2024-10-15"/>
    <property name="java.home" value="C:\Program Files\Java\jdk-11"/>
    <property name="file.separator" value="\"/>
    <property name="basedir" value="C:\Users\SEBASTIANDAVIDCARABA\Documents\greensqa\gsqa-prueba\latam-automation"/>
    <property name="java.vm.compressedOopsMode" value="Zero based"/>
    <property name="line.separator" value="&#10;"/>
    <property name="java.specification.name" value="Java Platform API Specification"/>
    <property name="java.vm.specification.vendor" value="Oracle Corporation"/>
    <property name="java.awt.graphicsenv" value="sun.awt.Win32GraphicsEnvironment"/>
    <property name="surefire.real.class.path" value="C:\Users\SEBASTIANDAVIDCARABA\AppData\Local\Temp\surefire1343273236396776060\surefirebooter-20250404032449759_3.jar"/>
    <property name="user.script" value=""/>
    <property name="sun.management.compiler" value="HotSpot 64-Bit Tiered Compilers"/>
    <property name="java.runtime.version" value="11.0.25+9-LTS-256"/>
    <property name="user.name" value="SEBASTIANDAVIDCARABA"/>
    <property name="path.separator" value=";"/>
    <property name="os.version" value="10.0"/>
    <property name="java.runtime.name" value="Java(TM) SE Runtime Environment"/>
    <property name="file.encoding" value="Cp1252"/>
    <property name="java.vm.name" value="Java HotSpot(TM) 64-Bit Server VM"/>
    <property name="java.vendor.version" value="18.9"/>
    <property name="localRepository" value="C:\Users\SEBASTIANDAVIDCARABA\.m2\repository"/>
    <property name="java.vendor.url.bug" value="https://bugreport.java.com/bugreport/"/>
    <property name="java.io.tmpdir" value="C:\Users\SEBAST~1\AppData\Local\Temp\"/>
    <property name="java.version" value="11.0.25"/>
    <property name="user.dir" value="C:\Users\SEBASTIANDAVIDCARABA\Documents\greensqa\gsqa-prueba\latam-automation"/>
    <property name="os.arch" value="amd64"/>
    <property name="java.vm.specification.name" value="Java Virtual Machine Specification"/>
    <property name="java.awt.printerjob" value="sun.awt.windows.WPrinterJob"/>
    <property name="sun.os.patch.level" value=""/>
    <property name="java.library.path" value="C:\Program Files\Java\jdk-11\bin;C:\WINDOWS\Sun\Java\bin;C:\WINDOWS\system32;C:\WINDOWS;C:\Program Files\Common Files\Oracle\Java\javapath;C:\Program Files\NVIDIA GPU Computing Toolkit\CUDA\v12.8\bin;C:\Program Files\NVIDIA GPU Computing Toolkit\CUDA\v12.8\libnvvp;C:\WINDOWS\system32;C:\WINDOWS;C:\WINDOWS\System32\Wbem;C:\WINDOWS\System32\WindowsPowerShell\v1.0\;C:\WINDOWS\System32\OpenSSH\;C:\Program Files\Git\cmd;C:\Program Files\NVIDIA Corporation\Nsight Compute 2025.1.1\;C:\Program Files\NVIDIA Corporation\NVIDIA app\NvDLISR;C:\Program Files (x86)\NVIDIA Corporation\PhysX\Common;C:\Users\SEBASTIANDAVIDCARABA\AppData\Local\Programs\Python\Python38\Scripts\;C:\Users\SEBASTIANDAVIDCARABA\AppData\Local\Programs\Python\Python38\;C:\Users\SEBASTIANDAVIDCARABA\AppData\Local\Microsoft\WindowsApps;C:\Users\SEBASTIANDAVIDCARABA\AppData\Local\Programs\Microsoft VS Code\bin;C:\Users\SEBASTIANDAVIDCARABA\AppData\Local\Programs\Ollama;&quot;C:\Users\SEBASTIANDAVIDCARABA\bins\apache-maven-3.9.9-bin\apache-maven-3.9.9&quot;\bin;;c:\Users\SEBASTIANDAVIDCARABA\AppData\Roaming\Code\User\globalStorage\github.copilot-chat\debugCommand;."/>
    <property name="java.vendor" value="Oracle Corporation"/>
    <property name="java.vm.info" value="mixed mode"/>
    <property name="java.vm.version" value="11.0.25+9-LTS-256"/>
    <property name="java.specification.maintenance.version" value="3"/>
    <property name="sun.io.unicode.encoding" value="UnicodeLittle"/>
    <property name="java.class.version" value="55.0"/>
  </properties>
  <testcase name="verifySearchWithValidDestination" classname="com.zebsoft.gsqa.AlojamientoSearchValidationTest" time="10.501">
    <system-out><![CDATA[Options list visible: true
Option selected: Colombia
DatePicker opened
DatePicker opened
]]></system-out>
    <system-err><![CDATA[SLF4J: Failed to load class "org.slf4j.impl.StaticLoggerBinder".
SLF4J: Defaulting to no-operation (NOP) logger implementation
SLF4J: See http://www.slf4j.org/codes.html#StaticLoggerBinder for further details.
]]></system-err>
  </testcase>
</testsuite>