<?xml version="1.0" encoding="UTF-8"?>
<!-- Generated by org.testng.reporters.JUnitReportReporter -->
<testsuite hostname="DESKTOP-MPHG0PN" failures="0" tests="1" name="com.zebsoft.gsqa.AlojamientoTabTest" time="7.459" errors="0" timestamp="2025-04-04T01:00:48 COT" skipped="0">
  <testcase classname="com.zebsoft.gsqa.AlojamientoTabTest" name="verifyHotelTabDisplay" time="7.459"/>
  <system-out/>
</testsuite> <!-- com.zebsoft.gsqa.AlojamientoTabTest -->
