<?xml version="1.0" encoding="UTF-8"?>
<!-- Generated by org.testng.reporters.JUnitReportReporter -->
<testsuite hostname="DESKTOP-MPHG0PN" failures="0" tests="1" name="com.zebsoft.gsqa.AlojamientoSearchValidationTest" time="10.501" errors="0" timestamp="2025-04-04T03:25:06 COT" skipped="0">
  <testcase classname="com.zebsoft.gsqa.AlojamientoSearchValidationTest" name="verifySearchWithValidDestination" time="10.501"/>
  <system-out/>
</testsuite> <!-- com.zebsoft.gsqa.AlojamientoSearchValidationTest -->
